[0m2021.03.19 23:08:09 INFO  Started: Metals version 0.10.0 in workspace 'C:\workspace\Arquivos-Curso\ProjTransfBanc\Dio.Bank' for client vscode 1.54.3.[0m
[0m2021.03.19 23:08:53 INFO  time: initialize in 45s[0m
[0m2021.03.19 23:09:50 WARN  Build server is not auto-connectable.[0m
[0m2021.03.19 23:09:50 WARN  no build tool detected in workspace 'C:\workspace\Arquivos-Curso\ProjTransfBanc\Dio.Bank'. The most common cause for this problem is that the editor was opened in the wrong working directory, for example if you use sbt then the workspace directory should contain build.sbt. [0m
mar 19, 2021 11:12:21 PM org.eclipse.lsp4j.jsonrpc.services.GenericEndpoint notify
INFORMAÇÕES: Unsupported notification method: $/setTraceNotification
mar 19, 2021 11:14:13 PM org.eclipse.lsp4j.jsonrpc.services.GenericEndpoint notify
INFORMAÇÕES: Unsupported notification method: $/setTraceNotification
mar 19, 2021 11:14:58 PM org.eclipse.lsp4j.jsonrpc.services.GenericEndpoint notify
INFORMAÇÕES: Unsupported notification method: $/setTraceNotification
mar 20, 2021 12:37:53 AM org.eclipse.lsp4j.jsonrpc.services.GenericEndpoint notify
INFORMAÇÕES: Unsupported notification method: $/setTraceNotification
mar 20, 2021 12:39:46 AM org.eclipse.lsp4j.jsonrpc.services.GenericEndpoint notify
INFORMAÇÕES: Unsupported notification method: $/setTraceNotification
[0m2021.03.20 22:28:15 INFO  Started: Metals version 0.10.0 in workspace 'C:\workspace\Arquivos-Curso\ProjTransfBanc\Dio.Bank' for client vscode 1.54.3.[0m
[0m2021.03.20 22:28:23 INFO  time: initialize in 7.88s[0m
[0m2021.03.20 22:28:39 WARN  Build server is not auto-connectable.[0m
[0m2021.03.20 22:28:39 WARN  no build tool detected in workspace 'C:\workspace\Arquivos-Curso\ProjTransfBanc\Dio.Bank'. The most common cause for this problem is that the editor was opened in the wrong working directory, for example if you use sbt then the workspace directory should contain build.sbt. [0m
[0m2021.03.20 23:30:15 INFO  Started: Metals version 0.10.0 in workspace 'C:\workspace\Arquivos-Curso\ProjTransfBanc\Dio.Bank' for client vscode 1.54.3.[0m
[0m2021.03.20 23:30:20 INFO  time: initialize in 5.67s[0m
[0m2021.03.20 23:30:58 WARN  Build server is not auto-connectable.[0m
[0m2021.03.20 23:30:58 WARN  no build tool detected in workspace 'C:\workspace\Arquivos-Curso\ProjTransfBanc\Dio.Bank'. The most common cause for this problem is that the editor was opened in the wrong working directory, for example if you use sbt then the workspace directory should contain build.sbt. [0m
mar 20, 2021 11:31:05 PM org.eclipse.lsp4j.jsonrpc.services.GenericEndpoint notify
INFORMAÇÕES: Unsupported notification method: $/setTraceNotification
[0m2021.03.20 23:56:16 INFO  shutting down Metals[0m
